SF:lib\models\exercise.dart
DA:12,0
DA:14,0
DA:15,0
DA:17,0
DA:19,0
DA:21,0
DA:23,0
DA:25,0
DA:32,1
DA:35,1
DA:36,1
DA:38,0
DA:39,0
DA:41,0
DA:42,0
DA:44,0
DA:45,0
DA:47,0
DA:48,0
DA:50,0
DA:51,0
DA:71,5
DA:76,0
DA:78,0
DA:79,0
LF:25
LH:4
end_of_record
SF:lib\models\exercise.g.dart
DA:13,0
DA:15,0
DA:16,0
DA:17,0
DA:19,0
DA:20,0
DA:21,0
DA:22,0
DA:23,0
DA:27,1
DA:30,1
DA:31,1
DA:32,2
DA:33,1
DA:34,2
DA:35,1
DA:36,2
DA:37,1
DA:38,2
DA:41,0
DA:42,0
DA:44,0
DA:47,0
DA:48,0
DA:49,0
LF:25
LH:10
end_of_record
SF:lib\models\personal_record.g.dart
DA:13,0
DA:15,0
DA:16,0
DA:17,0
DA:19,0
DA:20,0
DA:21,0
DA:22,0
DA:23,0
DA:27,0
DA:30,0
DA:31,0
DA:32,0
DA:33,0
DA:34,0
DA:35,0
DA:36,0
DA:37,0
DA:38,0
DA:41,0
DA:42,0
DA:44,0
DA:47,0
DA:48,0
DA:49,0
LF:25
LH:0
end_of_record
SF:lib\models\personal_record.dart
DA:20,2
LF:1
LH:1
end_of_record
SF:lib\models\workout.g.dart
DA:13,0
DA:15,0
DA:16,0
DA:17,0
DA:19,0
DA:20,0
DA:21,0
DA:22,0
DA:23,0
DA:27,0
DA:30,0
DA:31,0
DA:32,0
DA:33,0
DA:34,0
DA:35,0
DA:36,0
DA:37,0
DA:38,0
DA:41,0
DA:42,0
DA:44,0
DA:47,0
DA:48,0
DA:49,0
DA:56,0
DA:58,0
DA:59,0
DA:60,0
DA:62,0
DA:63,0
DA:64,0
DA:65,0
DA:66,0
DA:70,0
DA:73,0
DA:74,0
DA:75,0
DA:76,0
DA:77,0
DA:78,0
DA:79,0
DA:80,0
DA:81,0
DA:84,0
DA:85,0
DA:87,0
DA:90,0
DA:91,0
DA:92,0
DA:99,0
DA:101,0
DA:102,0
DA:103,0
DA:105,0
DA:106,0
DA:107,0
DA:108,0
DA:109,0
DA:110,0
DA:111,0
DA:112,0
DA:113,0
DA:117,0
DA:120,0
DA:121,0
DA:122,0
DA:123,0
DA:124,0
DA:125,0
DA:126,0
DA:127,0
DA:128,0
DA:129,0
DA:130,0
DA:131,0
DA:132,0
DA:133,0
DA:134,0
DA:135,0
DA:136,0
DA:139,0
DA:140,0
DA:142,0
DA:145,0
DA:146,0
DA:147,0
DA:154,0
DA:156,0
DA:157,0
DA:159,0
DA:161,0
DA:163,0
DA:165,0
DA:172,0
DA:175,0
DA:176,0
DA:178,0
DA:179,0
DA:181,0
DA:182,0
DA:184,0
DA:185,0
DA:187,0
DA:188,0
DA:193,0
DA:194,0
DA:196,0
DA:199,0
DA:200,0
DA:201,0
LF:111
LH:0
end_of_record
SF:lib\models\workout.dart
DA:36,4
DA:58,2
DA:63,2
DA:92,2
DA:101,0
LF:5
LH:4
end_of_record
SF:lib\models\visual_progress.g.dart
DA:13,0
DA:15,0
DA:16,0
DA:17,0
DA:19,0
DA:20,0
DA:21,0
DA:22,0
DA:23,0
DA:24,0
DA:25,0
DA:29,0
DA:32,0
DA:33,0
DA:34,0
DA:35,0
DA:36,0
DA:37,0
DA:38,0
DA:39,0
DA:40,0
DA:41,0
DA:42,0
DA:43,0
DA:44,0
DA:47,0
DA:48,0
DA:50,0
DA:53,0
DA:54,0
DA:55,0
LF:31
LH:0
end_of_record
SF:lib\models\visual_progress.dart
DA:25,0
LF:1
LH:0
end_of_record
SF:lib\providers\exercise_provider.dart
DA:11,2
DA:13,4
DA:14,4
DA:17,1
DA:18,2
DA:19,3
DA:22,1
DA:23,2
DA:24,3
DA:27,1
DA:28,2
DA:29,3
LF:12
LH:12
end_of_record
SF:lib\providers\exercise_provider.g.dart
DA:9,2
DA:13,6
DA:14,3
LF:3
LH:3
end_of_record
SF:lib\models\cardio_entry.dart
DA:28,0
DA:50,0
LF:2
LH:0
end_of_record
SF:lib\models\cardio_entry.g.dart
DA:13,0
DA:15,0
DA:16,0
DA:17,0
DA:19,0
DA:20,0
DA:21,0
DA:22,0
DA:23,0
DA:24,0
DA:25,0
DA:26,0
DA:30,0
DA:33,0
DA:34,0
DA:35,0
DA:36,0
DA:37,0
DA:38,0
DA:39,0
DA:40,0
DA:41,0
DA:42,0
DA:43,0
DA:44,0
DA:45,0
DA:46,0
DA:47,0
DA:50,0
DA:51,0
DA:53,0
DA:56,0
DA:57,0
DA:58,0
DA:65,0
DA:67,0
DA:68,0
DA:69,0
DA:71,0
DA:72,0
DA:73,0
DA:74,0
DA:78,0
DA:81,0
DA:82,0
DA:83,0
DA:84,0
DA:85,0
DA:86,0
DA:87,0
DA:90,0
DA:91,0
DA:93,0
DA:96,0
DA:97,0
DA:98,0
LF:56
LH:0
end_of_record
SF:lib\models\daily_tracking.dart
DA:22,0
LF:1
LH:0
end_of_record
SF:lib\models\daily_tracking.g.dart
DA:13,0
DA:15,0
DA:16,0
DA:17,0
DA:19,0
DA:20,0
DA:21,0
DA:22,0
DA:23,0
DA:24,0
DA:28,0
DA:31,0
DA:32,0
DA:33,0
DA:34,0
DA:35,0
DA:36,0
DA:37,0
DA:38,0
DA:39,0
DA:40,0
DA:41,0
DA:44,0
DA:45,0
DA:47,0
DA:50,0
DA:51,0
DA:52,0
LF:28
LH:0
end_of_record
SF:lib\services\database_service.dart
DA:17,0
DA:18,0
DA:19,0
DA:20,0
DA:21,0
DA:22,0
DA:24,0
DA:28,0
DA:29,0
DA:30,0
DA:31,0
DA:32,0
DA:35,0
DA:36,0
DA:37,0
DA:41,0
DA:43,0
DA:44,0
DA:46,0
DA:51,0
DA:52,0
DA:56,0
DA:57,0
DA:58,0
DA:61,0
DA:62,0
DA:63,0
DA:64,0
DA:65,0
DA:66,0
DA:67,0
DA:68,0
DA:69,0
DA:70,0
DA:71,0
DA:74,0
DA:75,0
DA:76,0
DA:77,0
DA:78,0
DA:80,0
DA:84,6
DA:86,1
DA:87,3
DA:90,1
DA:91,3
DA:94,1
DA:95,2
DA:98,2
DA:99,6
DA:103,6
DA:105,0
DA:106,0
DA:109,0
DA:110,0
DA:113,0
DA:114,0
DA:117,2
DA:118,6
DA:119,2
LF:60
LH:13
end_of_record
SF:lib\services\workout_calculator_service.dart
DA:11,2
DA:12,4
DA:13,2
DA:15,6
DA:19,0
DA:20,0
DA:21,0
DA:22,0
DA:23,0
DA:24,0
DA:26,0
DA:27,0
DA:29,0
DA:30,0
DA:31,0
DA:33,0
DA:34,0
DA:35,0
DA:37,0
DA:38,0
DA:39,0
DA:41,0
DA:42,0
DA:43,0
DA:45,0
DA:49,0
DA:54,0
DA:56,0
DA:58,0
DA:63,0
DA:67,0
DA:69,0
DA:70,0
DA:74,0
DA:75,0
DA:79,0
DA:80,0
DA:81,0
DA:84,0
DA:85,0
DA:89,0
DA:92,0
DA:93,0
DA:95,0
DA:99,0
DA:102,0
DA:103,0
DA:105,0
DA:109,2
DA:110,6
DA:114,2
DA:116,2
DA:117,1
DA:118,1
DA:119,1
DA:120,1
DA:121,1
DA:123,2
DA:124,2
DA:125,2
DA:126,2
DA:127,2
DA:128,2
DA:130,0
DA:131,0
DA:132,0
DA:133,0
DA:134,0
DA:135,0
DA:141,2
DA:143,2
DA:144,0
DA:145,0
DA:146,0
DA:147,0
DA:149,0
DA:150,0
DA:151,0
DA:153,0
DA:154,0
DA:155,0
DA:157,0
DA:158,0
DA:159,0
DA:162,2
DA:164,0
DA:165,0
DA:166,0
DA:167,0
DA:168,0
DA:170,0
DA:171,0
DA:172,0
DA:173,0
DA:175,0
DA:176,0
DA:177,0
DA:185,1
DA:186,2
DA:191,1
DA:194,1
DA:197,1
DA:200,0
DA:203,0
DA:208,2
DA:212,0
DA:219,0
DA:220,0
DA:222,0
DA:223,0
DA:224,0
DA:226,0
DA:227,0
DA:230,0
DA:231,0
DA:234,0
DA:235,0
DA:236,0
DA:238,0
DA:245,0
DA:246,0
DA:252,0
DA:256,0
DA:261,2
DA:268,4
DA:270,4
DA:271,2
DA:273,4
DA:274,4
DA:275,4
DA:278,1
DA:281,2
DA:282,2
DA:293,2
DA:296,4
DA:297,4
DA:299,4
DA:300,8
DA:304,1
DA:305,0
DA:307,6
DA:310,1
DA:321,1
DA:322,1
DA:329,2
DA:333,2
DA:334,8
DA:335,12
DA:338,2
DA:339,8
DA:340,14
DA:343,0
DA:345,0
DA:348,0
DA:349,0
DA:360,2
DA:370,2
DA:388,2
DA:406,0
DA:420,0
LF:160
LH:58
end_of_record
SF:lib\screens\home_screen.dart
DA:10,2
DA:12,1
DA:14,2
DA:15,3
DA:16,2
DA:18,1
DA:19,1
DA:20,1
DA:22,1
DA:24,1
DA:31,1
DA:32,0
DA:33,0
DA:36,1
DA:38,1
DA:40,1
DA:41,1
DA:42,1
DA:43,1
DA:47,1
DA:50,1
DA:51,1
DA:55,1
DA:59,1
DA:60,2
DA:61,1
DA:65,1
DA:66,1
DA:68,1
DA:69,1
DA:71,1
DA:72,1
DA:73,1
DA:75,1
DA:76,1
DA:79,2
DA:82,1
DA:84,1
DA:88,1
DA:90,1
DA:96,0
DA:97,0
DA:106,1
DA:107,1
DA:108,1
DA:109,1
DA:110,1
DA:114,0
DA:119,1
DA:120,1
DA:124,0
DA:132,1
DA:139,1
DA:141,1
DA:142,1
DA:144,1
DA:145,2
DA:146,1
DA:148,1
DA:150,1
DA:151,2
DA:153,1
DA:154,1
DA:156,1
DA:166,0
DA:167,0
DA:168,0
DA:170,0
DA:171,0
DA:173,0
DA:176,0
DA:178,0
DA:180,0
DA:181,0
DA:182,0
DA:183,0
DA:184,0
DA:185,0
DA:187,0
DA:189,0
DA:190,0
DA:191,0
DA:193,0
DA:194,0
DA:195,0
DA:196,0
DA:199,0
DA:200,0
DA:201,0
DA:204,0
DA:206,0
DA:207,0
DA:208,0
DA:211,0
DA:214,0
DA:215,0
DA:216,0
DA:217,0
DA:226,0
DA:229,0
DA:230,0
DA:231,0
DA:233,0
DA:234,0
DA:235,0
LF:105
LH:58
end_of_record
SF:lib\providers\workout_provider.dart
DA:11,2
DA:13,4
DA:14,4
DA:17,0
DA:18,0
DA:19,0
DA:22,0
DA:23,0
DA:24,0
DA:27,0
DA:28,0
DA:29,0
LF:12
LH:3
end_of_record
SF:lib\providers\workout_provider.g.dart
DA:9,2
DA:13,4
DA:14,2
LF:3
LH:3
end_of_record
SF:lib\theme\text_styles.dart
DA:5,4
DA:6,12
DA:7,4
DA:14,4
DA:15,12
DA:16,4
DA:23,3
DA:24,9
DA:25,3
DA:32,3
DA:33,6
DA:34,3
DA:36,3
DA:40,1
DA:41,2
DA:42,1
DA:45,1
DA:49,1
DA:50,2
DA:51,1
DA:53,2
DA:57,2
DA:58,6
DA:59,2
DA:66,2
DA:67,6
DA:68,2
DA:74,1
DA:75,3
DA:76,1
DA:78,1
DA:82,0
DA:83,0
DA:84,0
DA:86,0
DA:90,0
DA:91,0
DA:92,0
DA:94,0
DA:98,0
DA:99,0
DA:100,0
DA:103,0
DA:107,1
DA:108,3
DA:109,1
LF:46
LH:34
end_of_record
SF:lib\screens\workout_history_screen.dart
DA:10,1
DA:12,1
DA:13,1
DA:17,1
DA:19,1
DA:20,1
DA:21,1
DA:23,1
DA:29,1
DA:30,1
DA:31,2
DA:33,1
DA:34,1
DA:35,1
DA:37,1
DA:43,1
DA:44,0
DA:47,1
DA:48,1
DA:49,1
DA:59,1
DA:60,2
DA:61,2
DA:62,4
DA:64,2
DA:65,3
DA:67,1
DA:70,1
DA:71,1
DA:72,1
DA:74,1
DA:75,1
DA:78,1
DA:79,1
DA:82,1
DA:83,1
DA:86,1
DA:87,1
DA:91,1
DA:92,0
DA:93,0
DA:94,0
DA:100,1
DA:101,2
DA:102,3
DA:103,7
DA:104,1
DA:106,1
DA:108,1
DA:110,1
DA:112,1
DA:114,1
DA:117,1
DA:118,1
DA:119,1
DA:121,1
DA:122,4
DA:123,1
DA:127,0
DA:129,0
DA:136,1
DA:137,1
DA:139,1
DA:140,3
DA:142,1
DA:143,1
DA:146,1
DA:147,2
DA:148,1
DA:149,5
DA:150,1
DA:151,3
DA:155,0
DA:156,0
DA:158,0
DA:159,0
DA:177,0
DA:178,0
DA:180,0
DA:181,0
DA:186,1
DA:187,4
DA:188,4
DA:191,1
DA:192,4
DA:195,1
DA:197,1
DA:199,1
DA:201,1
DA:203,0
DA:205,0
LF:91
LH:75
end_of_record
SF:lib\screens\workout_detail_screen.dart
DA:13,1
DA:18,1
DA:19,1
DA:30,1
DA:32,1
DA:33,4
DA:34,5
DA:35,5
DA:36,4
DA:37,5
DA:40,1
DA:42,2
DA:43,2
DA:44,1
DA:47,0
DA:48,0
DA:49,0
DA:50,0
DA:51,0
DA:56,0
DA:57,0
DA:58,0
DA:60,0
DA:61,0
DA:65,0
DA:66,0
DA:68,0
DA:69,0
DA:71,0
DA:73,0
DA:75,0
DA:77,0
DA:78,0
DA:79,0
DA:80,0
DA:82,0
DA:85,0
DA:86,0
DA:87,0
DA:89,0
DA:96,0
DA:100,0
DA:101,0
DA:102,0
DA:103,0
DA:104,0
DA:105,0
DA:106,0
DA:107,0
DA:108,0
DA:109,0
DA:111,0
DA:112,0
DA:113,0
DA:114,0
DA:116,0
DA:124,0
DA:125,0
DA:126,0
DA:129,1
DA:131,1
DA:133,0
DA:135,0
DA:136,0
DA:137,0
DA:138,0
DA:139,0
DA:141,0
DA:144,1
DA:145,1
DA:146,1
DA:148,1
DA:150,1
DA:152,0
DA:153,0
DA:154,0
DA:155,0
DA:156,0
DA:157,0
DA:159,0
DA:163,1
DA:164,1
DA:166,1
DA:168,1
DA:170,0
DA:174,1
DA:175,1
DA:177,1
DA:179,1
DA:180,1
DA:181,1
DA:182,1
DA:184,1
DA:185,1
DA:186,1
DA:189,1
DA:190,1
DA:191,2
DA:193,1
DA:194,1
DA:198,1
DA:199,0
DA:200,0
DA:205,0
DA:208,1
DA:209,1
DA:210,1
DA:212,1
DA:214,1
DA:215,0
DA:216,0
DA:218,0
DA:219,0
DA:220,0
DA:222,0
DA:223,0
DA:224,0
DA:225,0
DA:230,1
DA:231,11
DA:232,1
DA:234,1
DA:235,4
DA:236,3
DA:237,1
DA:238,1
DA:239,4
DA:247,1
DA:249,1
DA:251,1
DA:252,1
DA:254,1
DA:256,1
DA:258,0
DA:263,4
DA:264,1
DA:265,1
DA:266,4
DA:268,1
DA:278,1
DA:279,1
DA:281,2
DA:282,1
DA:284,1
DA:286,1
DA:287,1
DA:288,4
DA:289,1
DA:292,1
DA:293,5
DA:294,1
DA:297,1
DA:298,5
DA:299,1
DA:307,1
DA:308,1
DA:310,2
DA:311,1
DA:313,1
DA:314,1
DA:315,1
DA:316,2
DA:317,1
DA:319,1
DA:321,1
DA:322,1
DA:324,2
DA:326,1
DA:328,2
DA:333,1
DA:335,1
DA:336,1
DA:337,5
DA:338,1
DA:339,1
DA:340,1
DA:343,1
DA:344,3
DA:345,1
DA:347,1
DA:348,1
DA:349,1
DA:350,2
DA:351,1
DA:354,1
DA:355,1
DA:356,3
DA:357,1
DA:360,1
DA:362,0
DA:364,1
DA:366,0
DA:372,1
DA:373,1
DA:374,1
DA:375,1
DA:376,1
DA:377,0
DA:379,1
DA:381,1
DA:386,1
DA:387,1
DA:388,0
DA:390,1
DA:392,1
DA:406,1
DA:407,1
DA:409,2
DA:410,1
DA:412,1
DA:414,1
DA:415,1
DA:417,1
DA:420,4
DA:421,1
DA:423,1
DA:424,3
DA:425,1
DA:427,1
DA:428,3
DA:429,1
DA:434,3
DA:435,1
DA:437,1
DA:438,3
DA:439,1
DA:441,1
DA:442,1
DA:443,1
DA:445,3
DA:448,1
DA:449,4
DA:450,1
DA:461,0
DA:462,0
DA:464,0
DA:465,0
DA:467,0
DA:469,0
DA:471,0
DA:473,0
DA:474,0
DA:475,0
DA:476,0
DA:478,0
DA:481,0
DA:482,0
DA:483,0
DA:484,0
DA:486,0
DA:488,0
DA:496,1
DA:498,1
DA:500,0
DA:502,0
DA:504,0
DA:506,0
DA:511,1
DA:512,8
DA:515,0
DA:516,0
DA:518,0
DA:522,0
DA:523,0
DA:525,0
DA:527,0
DA:528,0
DA:533,1
DA:534,1
DA:536,1
DA:540,0
DA:541,0
DA:542,0
DA:544,0
DA:546,0
DA:551,1
DA:552,2
DA:553,3
DA:555,1
DA:557,2
DA:559,1
DA:560,1
DA:563,1
DA:565,1
DA:568,1
DA:569,1
DA:571,1
DA:574,1
DA:575,3
DA:576,1
DA:579,1
DA:581,1
DA:582,1
DA:583,0
DA:584,1
DA:586,1
DA:590,1
DA:591,0
DA:592,0
DA:593,0
DA:594,0
DA:596,0
DA:598,1
DA:600,2
DA:612,0
DA:613,0
DA:615,0
DA:617,0
DA:618,0
DA:619,0
DA:621,0
DA:622,0
DA:623,0
DA:625,0
DA:626,0
DA:628,0
DA:630,0
DA:632,0
DA:633,0
DA:634,0
DA:640,0
DA:641,0
DA:649,0
DA:650,0
DA:651,0
DA:652,0
DA:653,0
DA:654,0
DA:655,0
DA:657,0
DA:662,0
DA:663,0
DA:664,0
DA:665,0
DA:666,0
DA:667,0
DA:668,0
DA:669,0
DA:670,0
DA:671,0
DA:672,0
DA:673,0
DA:674,0
DA:677,0
DA:678,0
DA:679,0
DA:680,0
DA:681,0
DA:682,0
DA:683,0
DA:684,0
DA:687,0
DA:689,0
DA:690,0
DA:692,0
DA:694,0
DA:695,0
DA:697,0
DA:703,0
DA:704,0
DA:705,0
DA:706,0
DA:708,0
DA:711,0
DA:712,0
DA:715,0
DA:716,0
DA:717,0
DA:718,0
DA:719,0
DA:720,0
DA:722,0
DA:723,0
DA:724,0
DA:725,0
DA:726,0
DA:727,0
DA:730,0
DA:731,0
DA:732,0
DA:733,0
DA:734,0
DA:738,0
DA:740,0
DA:742,0
DA:750,0
DA:751,0
DA:752,0
DA:753,0
DA:754,0
DA:755,0
DA:758,0
DA:763,0
DA:778,0
DA:779,0
DA:780,0
DA:781,0
DA:783,0
DA:784,0
DA:788,0
DA:790,0
DA:791,0
DA:795,0
DA:797,0
DA:798,0
DA:802,0
DA:804,0
DA:805,0
DA:809,0
DA:811,0
DA:812,0
DA:816,0
DA:817,0
DA:818,0
DA:819,0
DA:821,0
DA:822,0
DA:826,0
DA:828,0
DA:829,0
DA:833,0
DA:835,0
DA:836,0
DA:840,0
DA:842,0
DA:843,0
DA:847,0
DA:849,0
DA:850,0
DA:854,0
DA:856,0
DA:857,0
DA:861,0
DA:862,0
DA:863,0
DA:865,0
DA:866,0
DA:870,0
DA:872,0
DA:873,0
DA:877,0
DA:879,0
DA:880,0
DA:884,0
DA:886,0
DA:887,0
DA:891,0
DA:893,0
DA:894,0
DA:898,0
DA:900,0
DA:901,0
DA:905,0
DA:907,0
DA:908,0
DA:912,0
DA:913,0
DA:914,0
DA:916,0
DA:917,0
DA:921,0
DA:923,0
DA:924,0
DA:928,0
DA:930,0
DA:931,0
DA:938,0
DA:939,0
DA:940,0
DA:941,0
DA:942,0
DA:943,0
DA:944,0
DA:947,0
DA:951,1
DA:952,1
DA:953,3
DA:954,0
DA:955,0
DA:957,1
DA:958,0
DA:959,0
DA:960,0
DA:961,0
DA:963,0
DA:964,0
DA:965,0
DA:967,0
DA:968,0
DA:969,0
DA:971,0
DA:972,0
DA:973,0
DA:974,0
DA:975,0
DA:976,0
DA:977,0
DA:978,0
DA:981,0
DA:982,2
DA:983,0
DA:984,0
DA:985,0
DA:986,0
DA:988,5
DA:989,5
DA:990,5
DA:991,5
DA:993,1
DA:996,0
DA:997,0
DA:998,0
DA:1000,0
DA:1002,0
DA:1007,0
DA:1008,0
DA:1009,0
DA:1012,0
DA:1013,0
DA:1019,0
DA:1020,0
DA:1021,0
DA:1022,0
DA:1023,0
DA:1027,0
DA:1029,0
DA:1030,0
DA:1033,0
DA:1038,1
DA:1039,2
DA:1040,1
DA:1042,2
DA:1043,1
DA:1045,1
DA:1047,1
DA:1048,1
DA:1050,1
DA:1053,1
DA:1054,1
DA:1055,1
DA:1057,1
DA:1058,1
DA:1059,1
DA:1064,1
DA:1066,2
DA:1067,1
DA:1068,1
DA:1069,1
DA:1070,2
DA:1071,1
DA:1075,0
DA:1076,0
DA:1077,0
DA:1078,0
DA:1083,1
DA:1084,1
DA:1085,1
DA:1087,1
DA:1088,1
DA:1089,1
DA:1090,2
DA:1092,1
DA:1093,1
DA:1094,2
DA:1096,1
DA:1097,1
DA:1101,1
DA:1103,0
LF:568
LH:231
end_of_record
SF:lib\providers\personal_record_provider.dart
DA:11,0
DA:13,0
DA:14,0
DA:17,0
DA:18,0
DA:19,0
DA:22,0
DA:23,0
DA:25,0
DA:26,0
DA:30,0
DA:31,0
DA:32,0
DA:33,0
LF:14
LH:0
end_of_record
SF:lib\providers\personal_record_provider.g.dart
DA:9,0
DA:13,3
LF:2
LH:1
end_of_record
SF:lib\screens\create_workout_screen.dart
DA:15,0
DA:17,0
DA:18,0
DA:32,0
DA:33,0
DA:34,0
DA:35,0
DA:36,0
DA:38,0
DA:39,0
DA:40,0
DA:41,0
DA:42,0
DA:43,0
DA:44,0
DA:48,0
DA:49,0
DA:50,0
DA:51,0
DA:53,0
DA:56,0
DA:58,0
DA:59,0
DA:60,0
DA:61,0
DA:64,0
DA:65,0
DA:66,0
DA:67,0
DA:72,0
DA:73,0
DA:77,0
DA:78,0
DA:80,0
DA:81,0
DA:83,0
DA:85,0
DA:87,0
DA:89,0
DA:90,0
DA:91,0
DA:92,0
DA:94,0
DA:97,0
DA:98,0
DA:99,0
DA:101,0
DA:111,0
DA:113,0
DA:114,0
DA:116,0
DA:118,0
DA:120,0
DA:121,0
DA:122,0
DA:126,0
DA:127,0
DA:128,0
DA:130,0
DA:132,0
DA:135,0
DA:136,0
DA:138,0
DA:143,0
DA:146,0
DA:147,0
DA:151,0
DA:155,0
DA:156,0
DA:157,0
DA:161,0
DA:162,0
DA:163,0
DA:165,0
DA:166,0
DA:167,0
DA:168,0
DA:170,0
DA:171,0
DA:172,0
DA:173,0
DA:175,0
DA:176,0
DA:177,0
DA:179,0
DA:180,0
DA:181,0
DA:184,0
DA:185,0
DA:186,0
DA:191,0
DA:194,0
DA:196,0
DA:198,0
DA:200,0
DA:210,0
DA:211,0
DA:213,0
DA:215,0
DA:216,0
DA:218,0
DA:220,0
DA:221,0
DA:223,0
DA:226,0
DA:227,0
DA:228,0
DA:230,0
DA:231,0
DA:232,0
DA:237,0
DA:238,0
DA:239,0
DA:240,0
DA:242,0
DA:243,0
DA:244,0
DA:247,0
DA:248,0
DA:250,0
DA:251,0
DA:261,0
DA:263,0
DA:265,0
DA:267,0
DA:269,0
DA:271,0
DA:276,0
DA:277,0
DA:279,0
DA:281,0
DA:282,0
DA:284,0
DA:286,0
DA:287,0
DA:289,0
DA:290,0
DA:292,0
DA:294,0
DA:295,0
DA:296,0
DA:297,0
DA:303,0
DA:310,0
DA:311,0
DA:313,0
DA:315,0
DA:316,0
DA:318,0
DA:320,0
DA:321,0
DA:323,0
DA:324,0
DA:325,0
DA:326,0
DA:328,0
DA:330,0
DA:331,0
DA:336,0
DA:337,0
DA:338,0
DA:339,0
DA:342,0
DA:343,0
DA:344,0
DA:346,0
DA:347,0
DA:348,0
DA:349,0
DA:350,0
DA:353,0
DA:354,0
DA:355,0
DA:356,0
DA:363,0
DA:365,0
DA:367,0
DA:368,0
DA:369,0
DA:371,0
DA:372,0
DA:373,0
DA:383,0
DA:384,0
DA:385,0
DA:386,0
DA:391,0
DA:392,0
DA:393,0
DA:394,0
DA:395,0
DA:399,0
DA:400,0
DA:402,0
DA:404,0
DA:409,0
DA:414,0
DA:415,0
DA:416,0
DA:417,0
DA:418,0
DA:419,0
DA:421,0
DA:423,0
DA:424,0
DA:427,0
DA:428,0
DA:429,0
DA:430,0
DA:435,0
DA:437,0
DA:439,0
DA:440,0
DA:442,0
DA:444,0
DA:445,0
DA:446,0
DA:452,0
DA:454,0
DA:456,0
DA:457,0
DA:459,0
DA:461,0
DA:462,0
DA:463,0
DA:469,0
DA:471,0
DA:473,0
DA:474,0
DA:476,0
DA:478,0
DA:479,0
DA:480,0
DA:483,0
DA:489,0
DA:491,0
DA:492,0
DA:493,0
DA:494,0
DA:496,0
DA:498,0
DA:499,0
DA:501,0
DA:504,0
DA:506,0
DA:520,0
DA:521,0
DA:522,0
DA:523,0
DA:525,0
DA:526,0
DA:528,0
DA:536,0
DA:537,0
DA:538,0
DA:543,0
DA:544,0
DA:548,0
DA:551,0
DA:552,0
DA:553,0
DA:558,0
DA:567,0
DA:568,0
DA:570,0
DA:571,0
DA:572,0
DA:574,0
DA:576,0
DA:577,0
DA:578,0
DA:579,0
DA:581,0
DA:583,0
DA:588,0
DA:589,0
DA:590,0
DA:597,0
DA:598,0
DA:600,0
DA:602,0
DA:603,0
DA:604,0
DA:610,0
DA:612,0
DA:614,0
DA:616,0
DA:621,0
DA:623,0
DA:625,0
DA:627,0
DA:632,0
DA:633,0
DA:634,0
DA:635,0
DA:636,0
DA:638,0
DA:640,0
DA:641,0
DA:642,0
DA:644,0
DA:645,0
DA:646,0
DA:647,0
DA:649,0
DA:652,0
DA:653,0
DA:654,0
DA:655,0
DA:656,0
DA:658,0
DA:660,0
DA:662,0
DA:670,0
DA:671,0
DA:673,0
DA:675,0
DA:676,0
DA:678,0
DA:680,0
DA:681,0
DA:683,0
DA:686,0
DA:687,0
DA:688,0
DA:690,0
DA:691,0
DA:692,0
DA:697,0
DA:700,0
DA:701,0
DA:709,0
DA:710,0
DA:712,0
DA:714,0
DA:715,0
DA:717,0
DA:719,0
DA:720,0
DA:722,0
DA:725,0
DA:726,0
DA:727,0
DA:729,0
DA:730,0
DA:731,0
DA:736,0
DA:738,0
DA:739,0
DA:740,0
DA:741,0
DA:742,0
DA:743,0
DA:747,0
DA:749,0
DA:750,0
DA:760,0
DA:761,0
DA:762,0
DA:763,0
DA:764,0
DA:765,0
DA:766,0
DA:767,0
DA:768,0
DA:769,0
DA:770,0
DA:772,0
DA:773,0
DA:774,0
DA:775,0
DA:785,6
DA:787,1
DA:789,2
DA:790,2
DA:791,3
DA:792,1
DA:796,1
DA:797,1
DA:798,0
DA:799,0
DA:800,0
DA:801,0
DA:802,0
DA:804,0
DA:808,1
DA:810,1
DA:811,1
DA:814,1
DA:816,1
DA:819,1
DA:820,1
DA:822,1
DA:825,1
DA:827,1
DA:830,2
DA:832,0
DA:835,1
DA:838,1
DA:840,4
DA:841,4
DA:842,4
DA:844,4
DA:846,1
DA:848,2
DA:851,1
DA:853,3
DA:855,1
DA:856,0
DA:858,0
DA:862,1
DA:865,1
DA:867,0
DA:869,0
DA:870,0
DA:871,0
DA:872,0
DA:874,0
DA:875,0
DA:878,0
DA:879,0
DA:880,0
DA:881,0
DA:883,0
DA:884,0
DA:901,0
DA:903,0
DA:904,0
DA:921,0
DA:923,0
DA:924,0
DA:925,0
DA:927,0
DA:928,0
DA:931,0
DA:933,0
DA:934,0
DA:935,0
DA:937,0
DA:938,0
DA:941,0
DA:942,0
DA:944,0
DA:947,0
DA:948,0
DA:949,0
DA:954,0
DA:956,0
DA:957,0
DA:958,0
DA:959,0
DA:962,0
DA:963,0
DA:964,0
DA:970,0
DA:971,0
DA:972,0
DA:973,0
DA:974,0
DA:975,0
DA:977,0
DA:978,0
DA:979,0
DA:980,0
DA:981,0
DA:982,0
DA:984,0
DA:985,0
DA:987,0
DA:994,0
DA:995,0
DA:996,0
DA:1002,0
DA:1003,0
DA:1004,0
DA:1005,0
DA:1013,0
DA:1014,0
DA:1015,0
DA:1017,0
DA:1025,0
DA:1026,0
DA:1028,0
DA:1029,0
DA:1031,0
DA:1032,0
DA:1033,0
DA:1034,0
DA:1036,0
DA:1037,0
DA:1038,0
DA:1039,0
DA:1040,0
DA:1042,0
DA:1049,0
DA:1051,0
DA:1052,0
DA:1055,0
DA:1056,0
DA:1057,0
DA:1059,0
DA:1060,0
DA:1061,0
DA:1063,0
DA:1067,0
DA:1070,0
DA:1071,0
DA:1072,0
DA:1074,0
DA:1075,0
DA:1076,0
DA:1077,0
DA:1084,0
DA:1086,0
DA:1088,0
DA:1102,0
DA:1104,0
DA:1105,0
DA:1106,0
DA:1107,0
DA:1108,0
DA:1109,0
DA:1110,0
DA:1114,0
DA:1115,0
DA:1116,0
DA:1117,0
DA:1121,0
DA:1122,0
DA:1123,0
DA:1124,0
DA:1128,0
DA:1129,0
DA:1130,0
DA:1131,0
DA:1135,0
DA:1136,0
DA:1137,0
DA:1138,0
DA:1142,0
DA:1143,0
DA:1144,0
DA:1145,0
DA:1146,0
DA:1147,0
DA:1148,0
DA:1152,0
DA:1153,0
DA:1154,0
DA:1155,0
DA:1159,0
DA:1160,0
DA:1161,0
DA:1162,0
DA:1166,0
DA:1167,0
DA:1168,0
DA:1169,0
DA:1173,0
DA:1174,0
DA:1175,0
DA:1176,0
DA:1180,0
DA:1181,0
DA:1182,0
DA:1183,0
DA:1187,0
DA:1188,0
DA:1189,0
DA:1190,0
DA:1191,0
DA:1192,0
DA:1196,0
DA:1197,0
DA:1198,0
DA:1199,0
DA:1203,0
DA:1204,0
DA:1205,0
DA:1206,0
DA:1210,0
DA:1211,0
DA:1212,0
DA:1213,0
DA:1217,0
DA:1218,0
DA:1219,0
DA:1220,0
DA:1224,0
DA:1225,0
DA:1226,0
DA:1227,0
DA:1231,0
DA:1232,0
DA:1233,0
DA:1234,0
DA:1238,0
DA:1239,0
DA:1240,0
DA:1241,0
DA:1242,0
DA:1243,0
DA:1247,0
DA:1248,0
DA:1249,0
DA:1250,0
DA:1254,0
DA:1255,0
DA:1256,0
DA:1257,0
DA:1264,0
DA:1265,0
DA:1266,0
DA:1267,0
DA:1268,0
DA:1270,0
DA:1271,0
DA:1272,0
DA:1273,0
DA:1274,0
DA:1275,0
DA:1276,0
DA:1280,0
DA:1281,0
DA:1282,0
DA:1283,0
DA:1285,0
DA:1288,0
DA:1289,0
DA:1290,0
DA:1291,0
DA:1293,0
DA:1294,0
DA:1296,0
DA:1297,0
DA:1299,0
DA:1300,0
DA:1302,0
DA:1305,0
DA:1306,0
DA:1307,0
DA:1308,0
DA:1309,0
DA:1313,0
DA:1315,0
DA:1320,0
DA:1321,0
DA:1322,0
DA:1323,0
DA:1324,0
DA:1325,0
DA:1326,0
DA:1327,0
DA:1328,0
DA:1330,0
DA:1331,0
DA:1332,0
DA:1333,0
DA:1336,0
DA:1337,0
DA:1338,0
DA:1339,0
DA:1340,0
DA:1341,0
DA:1342,0
DA:1343,0
DA:1344,0
DA:1346,0
DA:1347,0
DA:1348,0
DA:1349,0
DA:1352,0
DA:1353,0
DA:1354,0
DA:1361,0
DA:1362,0
DA:1363,0
DA:1365,0
DA:1366,0
DA:1368,0
DA:1369,0
DA:1370,0
DA:1371,0
DA:1372,0
DA:1373,0
DA:1376,0
DA:1377,0
DA:1378,0
DA:1382,0
DA:1384,0
DA:1390,0
DA:1392,0
DA:1393,0
DA:1394,0
DA:1395,0
DA:1396,0
DA:1397,0
DA:1398,0
DA:1399,0
DA:1400,0
DA:1401,0
DA:1402,0
DA:1403,0
DA:1406,0
DA:1411,0
DA:1412,0
DA:1413,0
DA:1414,0
DA:1415,0
DA:1416,0
DA:1418,0
DA:1420,0
DA:1421,0
DA:1424,0
DA:1425,0
DA:1426,0
DA:1427,0
DA:1432,0
DA:1434,0
DA:1436,0
DA:1437,0
DA:1439,0
DA:1441,0
DA:1442,0
DA:1443,0
DA:1449,0
DA:1451,0
DA:1453,0
DA:1454,0
DA:1456,0
DA:1458,0
DA:1459,0
DA:1460,0
DA:1466,0
DA:1468,0
DA:1470,0
DA:1471,0
DA:1473,0
DA:1475,0
DA:1476,0
DA:1477,0
DA:1480,0
DA:1486,0
DA:1488,0
DA:1489,0
DA:1490,0
DA:1491,0
DA:1493,0
DA:1495,0
DA:1496,0
DA:1498,0
DA:1501,0
DA:1503,0
DA:1504,0
DA:1517,0
DA:1518,0
DA:1519,0
DA:1520,0
DA:1522,0
DA:1523,0
DA:1524,0
DA:1525,0
DA:1533,0
DA:1534,0
DA:1535,0
DA:1537,0
DA:1541,0
DA:1542,0
DA:1548,0
DA:1557,0
DA:1558,0
DA:1560,0
DA:1561,0
DA:1562,0
DA:1564,0
DA:1566,0
DA:1567,0
DA:1568,0
DA:1569,0
DA:1571,0
DA:1573,0
DA:1578,0
DA:1579,0
DA:1580,0
DA:1587,0
DA:1588,0
DA:1590,0
DA:1592,0
DA:1593,0
DA:1594,0
DA:1600,0
DA:1602,0
DA:1604,0
DA:1606,0
DA:1611,0
DA:1613,0
DA:1615,0
DA:1617,0
DA:1624,0
DA:1626,0
DA:1627,0
DA:1639,0
DA:1641,0
DA:1643,0
DA:1644,0
DA:1645,0
DA:1646,0
DA:1647,0
DA:1648,0
DA:1650,0
DA:1653,0
DA:1654,0
DA:1655,0
DA:1658,0
DA:1659,0
DA:1665,0
DA:1666,0
DA:1669,0
DA:1670,0
DA:1676,0
DA:1677,0
DA:1681,0
DA:1683,0
DA:1684,0
DA:1685,0
DA:1686,0
DA:1690,0
DA:1692,0
DA:1693,0
DA:1696,0
DA:1697,0
DA:1698,0
DA:1699,0
DA:1700,0
DA:1701,0
DA:1702,0
DA:1704,0
DA:1706,0
DA:1711,0
DA:1712,0
DA:1721,0
DA:1722,0
DA:1723,0
DA:1726,0
DA:1727,0
DA:1734,0
DA:1735,0
DA:1736,0
DA:1737,0
DA:1741,0
DA:1742,0
DA:1747,0
DA:1748,0
DA:1749,0
DA:1753,0
DA:1754,0
DA:1755,0
DA:1756,0
DA:1757,0
DA:1759,0
DA:1760,0
DA:1764,0
DA:1765,0
DA:1766,0
DA:1769,0
DA:1773,0
DA:1775,0
DA:1776,0
DA:1777,0
DA:1778,0
DA:1779,0
DA:1784,3
DA:1786,0
DA:1787,0
DA:1796,0
DA:1798,0
DA:1800,0
DA:1801,0
DA:1802,0
DA:1803,0
DA:1804,0
DA:1805,0
DA:1807,0
DA:1810,0
DA:1811,0
DA:1812,0
DA:1815,0
DA:1816,0
DA:1822,0
DA:1823,0
DA:1827,0
DA:1830,0
DA:1831,0
DA:1832,0
DA:1833,0
DA:1842,0
DA:1843,0
DA:1844,0
DA:1847,0
DA:1848,0
DA:1855,0
DA:1856,0
DA:1857,0
DA:1858,0
DA:1860,0
DA:1862,0
DA:1866,0
DA:1870,0
DA:1872,0
DA:1873,0
DA:1874,0
LF:911
LH:33
end_of_record
SF:lib\screens\workout_suggestions_screen.dart
DA:11,1
DA:13,1
DA:14,1
DA:22,1
DA:24,2
DA:25,3
DA:26,3
DA:28,1
DA:29,1
DA:30,1
DA:32,1
DA:34,1
DA:36,0
DA:38,1
DA:39,1
DA:41,0
DA:43,0
DA:52,1
DA:53,1
DA:54,1
DA:55,1
DA:56,1
DA:58,1
DA:59,1
DA:62,2
DA:65,1
DA:67,1
DA:70,1
DA:72,1
DA:79,1
DA:80,1
DA:82,1
DA:84,1
DA:85,1
DA:86,1
DA:87,2
DA:90,1
DA:92,1
DA:93,1
DA:95,1
DA:98,1
DA:99,1
DA:100,1
DA:101,1
DA:102,1
DA:103,1
DA:105,2
DA:107,3
DA:109,2
DA:110,1
DA:111,4
DA:115,1
DA:116,1
DA:117,1
DA:118,1
DA:120,2
DA:122,3
DA:124,2
DA:125,1
DA:126,0
DA:132,1
DA:133,1
DA:134,1
DA:136,2
DA:138,1
DA:140,3
DA:141,1
DA:142,3
DA:145,0
DA:152,1
DA:153,1
DA:154,1
DA:156,1
DA:158,2
DA:159,3
DA:160,1
DA:161,1
DA:162,1
DA:165,1
DA:166,1
DA:167,1
DA:173,1
DA:174,0
DA:175,0
DA:177,0
DA:178,0
DA:181,0
DA:184,0
DA:186,0
DA:189,0
DA:191,0
DA:198,1
DA:200,1
DA:201,1
DA:202,1
DA:203,5
DA:204,1
DA:213,1
DA:214,0
DA:215,0
DA:216,0
DA:217,0
DA:224,1
DA:225,2
DA:227,1
DA:229,1
DA:230,1
DA:233,1
DA:235,1
DA:237,1
DA:238,1
DA:239,1
DA:240,2
DA:242,1
DA:243,1
DA:244,1
DA:245,1
DA:248,1
DA:250,1
DA:251,1
DA:252,1
DA:254,1
DA:255,2
DA:256,2
DA:257,1
DA:265,4
DA:266,3
DA:267,3
DA:268,3
DA:269,4
DA:270,1
DA:271,0
DA:278,1
DA:279,1
DA:281,1
DA:283,1
DA:284,2
DA:285,2
DA:291,1
DA:293,1
DA:295,1
DA:297,1
DA:302,1
DA:304,1
DA:306,1
DA:308,1
LF:146
LH:127
end_of_record
SF:lib\widgets\animated_card.dart
DA:13,1
DA:25,1
DA:26,1
DA:36,1
DA:38,1
DA:39,1
DA:42,1
DA:43,1
DA:44,2
DA:46,2
DA:48,2
DA:49,2
DA:50,2
DA:51,2
DA:52,1
DA:55,2
DA:58,2
DA:59,1
DA:62,2
DA:65,2
DA:66,1
DA:71,1
DA:73,1
DA:74,4
DA:75,4
DA:76,4
DA:77,0
DA:81,1
DA:83,2
DA:84,1
DA:87,0
DA:88,0
DA:89,0
DA:91,0
DA:93,0
DA:98,1
DA:100,1
DA:101,2
DA:102,4
DA:104,0
DA:105,5
DA:107,4
DA:109,0
DA:110,0
DA:112,0
DA:114,0
DA:115,0
DA:116,0
DA:117,0
DA:118,0
DA:119,0
DA:125,1
DA:126,0
DA:127,0
DA:128,1
DA:129,1
DA:130,1
DA:131,1
DA:132,3
DA:133,1
DA:134,2
DA:135,1
DA:136,2
DA:137,1
DA:138,1
DA:140,1
DA:141,2
DA:142,1
DA:143,1
DA:144,2
DA:152,2
LF:71
LH:53
end_of_record
